<?xml version="1.0" encoding="UTF-8" ?>
<testsuite failures="0" time="0.187" errors="0" skipped="0" tests="2" name="com.ashish.webservices.web.controller.UserControllerLevel1Test">
  <properties>
    <property name="java.runtime.name" value="Java(TM) SE Runtime Environment"/>
    <property name="sun.boot.library.path" value="C:\Program Files (x86)\Java\jre7\bin"/>
    <property name="java.vm.version" value="24.0-b56"/>
    <property name="java.vm.vendor" value="Oracle Corporation"/>
    <property name="java.vendor.url" value="http://java.oracle.com/"/>
    <property name="path.separator" value=";"/>
    <property name="guice.disable.misplaced.annotation.check" value="true"/>
    <property name="java.vm.name" value="Java HotSpot(TM) Client VM"/>
    <property name="file.encoding.pkg" value="sun.io"/>
    <property name="user.script" value=""/>
    <property name="user.country" value="US"/>
    <property name="sun.java.launcher" value="SUN_STANDARD"/>
    <property name="sun.os.patch.level" value="Service Pack 1"/>
    <property name="java.vm.specification.name" value="Java Virtual Machine Specification"/>
    <property name="user.dir" value="E:\Tutorials\Tutorial_Workspace\RestWithSpringAngularjs"/>
    <property name="java.runtime.version" value="1.7.0_40-b43"/>
    <property name="java.awt.graphicsenv" value="sun.awt.Win32GraphicsEnvironment"/>
    <property name="java.endorsed.dirs" value="C:\Program Files (x86)\Java\jre7\lib\endorsed"/>
    <property name="os.arch" value="x86"/>
    <property name="java.io.tmpdir" value="C:\Users\akush1\AppData\Local\Temp\"/>
    <property name="line.separator" value="
"/>
    <property name="java.vm.specification.vendor" value="Oracle Corporation"/>
    <property name="user.variant" value=""/>
    <property name="os.name" value="Windows 7"/>
    <property name="classworlds.conf" value="E:\Tutorials\Tutorial_Workspace\.metadata\.plugins\org.eclipse.m2e.launching\launches\m2conf3211038244482440979.tmp"/>
    <property name="sun.jnu.encoding" value="Cp1252"/>
    <property name="java.library.path" value="C:\Program Files (x86)\Java\jre7\bin;C:\Windows\Sun\Java\bin;C:\Windows\system32;C:\Windows;C:/Program Files/Java/jre1.8.0_45/bin/server;C:/Program Files/Java/jre1.8.0_45/bin;C:/Program Files/Java/jre1.8.0_45/lib/amd64;C:\ProgramData\Oracle\Java\javapath;C:\Windows\SYSTEM32;C:\Windows;C:\Windows\SYSTEM32\WBEM;C:\Windows\SYSTEM32\WINDOWSPOWERSHELL\V1.0\;c:\Program Files\Intel\WiFi\bin\;c:\Program Files\Common Files\Intel\WirelessCommon\;C:\Program Files (x86)\Skype\Phone\;C:\Program Files\TortoiseSVN\bin;C:\Program Files\Google\Cloud SDK\google-cloud-sdk\bin;C:\Program Files\Microsoft\Web Platform Installer\;C:\Program Files (x86)\Microsoft ASP.NET\ASP.NET Web Pages\v1.0\;C:\Program Files\Microsoft SQL Server\110\Tools\Binn\;C:\Program Files\Intel\WiFi\bin\;C:\Program Files\Common Files\Intel\WirelessCommon\;E:\Tutorials\apache-maven-3.0.4\bin;E:\Development\groovy-grails-tool-suite-3.6.4.RELEASE-e4.4.2-win32-x86_64\ggts-bundle\grails-2.4.4\bin;E:\Development\groovy-grails-tool-suite-3.6.4.RELEASE-e4.4.2-win32-x86_64\ggts-bundle\grails-2.4.4\bin;E:\Tutorials\apache-maven-3.0.4\bin;C:\Program Files\MongoDB\Server\3.0\bin;C:\Program Files\Java\jdk1.7.0_25\bin;;E:\Tutorials\eclipse;;."/>
    <property name="java.specification.name" value="Java Platform API Specification"/>
    <property name="java.class.version" value="51.0"/>
    <property name="sun.management.compiler" value="HotSpot Client Compiler"/>
    <property name="os.version" value="6.1"/>
    <property name="user.home" value="C:\Users\akush1"/>
    <property name="user.timezone" value="Asia/Calcutta"/>
    <property name="java.awt.printerjob" value="sun.awt.windows.WPrinterJob"/>
    <property name="java.specification.version" value="1.7"/>
    <property name="file.encoding" value="Cp1252"/>
    <property name="user.name" value="akush1"/>
    <property name="java.class.path" value="E:\Tutorials\apache-maven-3.0.4\boot\plexus-classworlds-2.4.jar"/>
    <property name="java.vm.specification.version" value="1.7"/>
    <property name="sun.arch.data.model" value="32"/>
    <property name="java.home" value="C:\Program Files (x86)\Java\jre7"/>
    <property name="sun.java.command" value="org.codehaus.plexus.classworlds.launcher.Launcher -B -s E:\Tutorials\apache-maven-3.0.4\conf\settings-MavenTutorial.xml install"/>
    <property name="java.specification.vendor" value="Oracle Corporation"/>
    <property name="user.language" value="en"/>
    <property name="awt.toolkit" value="sun.awt.windows.WToolkit"/>
    <property name="java.vm.info" value="mixed mode"/>
    <property name="java.version" value="1.7.0_40"/>
    <property name="java.ext.dirs" value="C:\Program Files (x86)\Java\jre7\lib\ext;C:\Windows\Sun\Java\lib\ext"/>
    <property name="sun.boot.class.path" value="C:\Program Files (x86)\Java\jre7\lib\resources.jar;C:\Program Files (x86)\Java\jre7\lib\rt.jar;C:\Program Files (x86)\Java\jre7\lib\sunrsasign.jar;C:\Program Files (x86)\Java\jre7\lib\jsse.jar;C:\Program Files (x86)\Java\jre7\lib\jce.jar;C:\Program Files (x86)\Java\jre7\lib\charsets.jar;C:\Program Files (x86)\Java\jre7\lib\jfr.jar;C:\Program Files (x86)\Java\jre7\classes"/>
    <property name="java.vendor" value="Oracle Corporation"/>
    <property name="maven.home" value="E:\Tutorials\apache-maven-3.0.4"/>
    <property name="file.separator" value="\"/>
    <property name="java.vendor.url.bug" value="http://bugreport.sun.com/bugreport/"/>
    <property name="maven.bootclasspath" value="E:\Tutorials\apache-maven-3.0.4\boot\plexus-classworlds-2.4.jar"/>
    <property name="sun.cpu.endian" value="little"/>
    <property name="sun.io.unicode.encoding" value="UnicodeLittle"/>
    <property name="sun.desktop" value="windows"/>
    <property name="sun.cpu.isalist" value="pentium_pro+mmx pentium_pro pentium+mmx pentium i486 i386 i86"/>
  </properties>
  <testcase time="0.172" classname="com.ashish.webservices.web.controller.UserControllerLevel1Test" name="testFindUser"/>
  <testcase time="0" classname="com.ashish.webservices.web.controller.UserControllerLevel1Test" name="testShowMessage"/>
</testsuite>